This is pdfTeX, Version 3.14159265-2.6-1.40.15 (TeX Live 2015/dev/Debian) (preloaded format=pdflatex 2015.11.22)  21 APR 2016 18:14
entering extended mode
 restricted \write18 enabled.
 %&-line parsing enabled.
**report.tex
(./report.tex
LaTeX2e <2014/05/01>
Babel <3.9l> and hyphenation patterns for 4 languages loaded.
(/usr/share/texlive/texmf-dist/tex/latex/base/article.cls
Document Class: article 2014/09/29 v1.4h Standard LaTeX document class
(/usr/share/texlive/texmf-dist/tex/latex/base/size11.clo
File: size11.clo 2014/09/29 v1.4h Standard LaTeX file (size option)
)
\c@part=\count79
\c@section=\count80
\c@subsection=\count81
\c@subsubsection=\count82
\c@paragraph=\count83
\c@subparagraph=\count84
\c@figure=\count85
\c@table=\count86
\abovecaptionskip=\skip41
\belowcaptionskip=\skip42
\bibindent=\dimen102
)
(/home/matt/texmf/tex/latex/commonstuff/algorithm2e.sty
Package: algorithm2e 2013/01/06 v5.00 algorithms environments
\c@AlgoLine=\count87

(/usr/share/texlive/texmf-dist/tex/latex/base/ifthen.sty
Package: ifthen 2014/09/29 v1.1c Standard LaTeX ifthen package (DPC)
)
\algocf@hangindent=\skip43

(/usr/share/texlive/texmf-dist/tex/latex/tools/xspace.sty
Package: xspace 2014/10/28 v1.13 Space after command names (DPC,MH)
)
(/usr/share/texlive/texmf-dist/tex/latex/relsize/relsize.sty
Package: relsize 2013/03/29 ver 4.1
)
********************************************************
Package `algorithm2e' Release 5.1 -- october 19 2015 --
- algorithm2e-announce@lirmm.fr mailing list for announcement about releases
- algorithm2e-discussion@lirmm.fr mailing list for discussion about package
subscribe by emailing sympa@lirmm.fr with 'subscribe <list> <firstname name>'
- Author: Christophe Fiorio (christophe.fiorio@umontpellier.fr)
********************************************************
\skiptotal=\skip44
\skiplinenumber=\skip45
\skiprule=\skip46
\skiphlne=\skip47
\skiptext=\skip48
\skiplength=\skip49
\algomargin=\skip50
\skipalgocfslide=\skip51
\algowidth=\dimen103
\inoutsize=\dimen104
\inoutindent=\dimen105
\interspacetitleruled=\dimen106
\interspacealgoruled=\dimen107
\interspacetitleboxruled=\dimen108
\algocf@ruledwidth=\skip52
\algocf@inoutbox=\box26
\algocf@inputbox=\box27
\AlCapSkip=\skip53
\AlCapHSkip=\skip54
\algoskipindent=\skip55
\algocf@nlbox=\box28
\algocf@hangingbox=\box29
\algocf@untilbox=\box30
\algocf@skipuntil=\skip56
\algocf@capbox=\box31
\algoheightruledefault=\skip57
\algoheightrule=\skip58
\algotitleheightruledefault=\skip59
\algotitleheightrule=\skip60
\c@algocfline=\count88
\c@algocfproc=\count89
\c@algocf=\count90
\algocf@algoframe=\box32
\algocf@algobox=\box33
) (/usr/share/texlive/texmf-dist/tex/latex/geometry/geometry.sty
Package: geometry 2010/09/12 v5.6 Page Geometry

(/usr/share/texlive/texmf-dist/tex/latex/graphics/keyval.sty
Package: keyval 2014/05/08 v1.15 key=value parser (DPC)
\KV@toks@=\toks14
)
(/usr/share/texlive/texmf-dist/tex/generic/oberdiek/ifpdf.sty
Package: ifpdf 2011/01/30 v2.3 Provides the ifpdf switch (HO)
Package ifpdf Info: pdfTeX in PDF mode is detected.
)
(/usr/share/texlive/texmf-dist/tex/generic/oberdiek/ifvtex.sty
Package: ifvtex 2010/03/01 v1.5 Detect VTeX and its facilities (HO)
Package ifvtex Info: VTeX not detected.
)
(/usr/share/texlive/texmf-dist/tex/generic/ifxetex/ifxetex.sty
Package: ifxetex 2010/09/12 v0.6 Provides ifxetex conditional
)
\Gm@cnth=\count91
\Gm@cntv=\count92
\c@Gm@tempcnt=\count93
\Gm@bindingoffset=\dimen109
\Gm@wd@mp=\dimen110
\Gm@odd@mp=\dimen111
\Gm@even@mp=\dimen112
\Gm@layoutwidth=\dimen113
\Gm@layoutheight=\dimen114
\Gm@layouthoffset=\dimen115
\Gm@layoutvoffset=\dimen116
\Gm@dimlist=\toks15
)
(/usr/share/texlive/texmf-dist/tex/latex/fancyhdr/fancyhdr.sty
\fancy@headwidth=\skip61
\f@ncyO@elh=\skip62
\f@ncyO@erh=\skip63
\f@ncyO@olh=\skip64
\f@ncyO@orh=\skip65
\f@ncyO@elf=\skip66
\f@ncyO@erf=\skip67
\f@ncyO@olf=\skip68
\f@ncyO@orf=\skip69
)
(/usr/share/texlive/texmf-dist/tex/latex/graphics/graphicx.sty
Package: graphicx 2014/04/25 v1.0g Enhanced LaTeX Graphics (DPC,SPQR)

(/usr/share/texlive/texmf-dist/tex/latex/graphics/graphics.sty
Package: graphics 2009/02/05 v1.0o Standard LaTeX Graphics (DPC,SPQR)

(/usr/share/texlive/texmf-dist/tex/latex/graphics/trig.sty
Package: trig 1999/03/16 v1.09 sin cos tan (DPC)
)
(/usr/share/texlive/texmf-dist/tex/latex/latexconfig/graphics.cfg
File: graphics.cfg 2010/04/23 v1.9 graphics configuration of TeX Live
)
Package graphics Info: Driver file: pdftex.def on input line 91.

(/usr/share/texlive/texmf-dist/tex/latex/pdftex-def/pdftex.def
File: pdftex.def 2011/05/27 v0.06d Graphics/color for pdfTeX

(/usr/share/texlive/texmf-dist/tex/generic/oberdiek/infwarerr.sty
Package: infwarerr 2010/04/08 v1.3 Providing info/warning/error messages (HO)
)
(/usr/share/texlive/texmf-dist/tex/generic/oberdiek/ltxcmds.sty
Package: ltxcmds 2011/11/09 v1.22 LaTeX kernel commands for general use (HO)
)
\Gread@gobject=\count94
))
\Gin@req@height=\dimen117
\Gin@req@width=\dimen118
)
(/usr/share/texlive/texmf-dist/tex/latex/titling/titling.sty
Package: titling 2009/09/04 v2.1d maketitle typesetting
\thanksmarkwidth=\skip70
\thanksmargin=\skip71
\droptitle=\skip72
)
(/usr/share/texlive/texmf-dist/tex/latex/caption/subcaption.sty
Package: subcaption 2013/02/03 v1.1-62 Sub-captions (AR)

(/usr/share/texlive/texmf-dist/tex/latex/caption/caption.sty
Package: caption 2013/05/02 v3.3-89 Customizing captions (AR)

(/usr/share/texlive/texmf-dist/tex/latex/caption/caption3.sty
Package: caption3 2013/05/02 v1.6-88 caption3 kernel (AR)
Package caption3 Info: TeX engine: e-TeX on input line 57.
\captionmargin=\dimen119
\captionmargin@=\dimen120
\captionwidth=\dimen121
\caption@tempdima=\dimen122
\caption@indent=\dimen123
\caption@parindent=\dimen124
\caption@hangindent=\dimen125
)
\c@ContinuedFloat=\count95
)
\c@subfigure=\count96
\c@subtable=\count97
)
(/usr/share/texlive/texmf-dist/tex/latex/base/fontenc.sty
Package: fontenc 2005/09/27 v1.99g Standard LaTeX package

(/usr/share/texlive/texmf-dist/tex/latex/base/t1enc.def
File: t1enc.def 2005/09/27 v1.99g Standard LaTeX file
LaTeX Font Info:    Redeclaring font encoding T1 on input line 43.
))
(/usr/share/texmf/tex/latex/lm/lmodern.sty
Package: lmodern 2009/10/30 v1.6 Latin Modern Fonts
LaTeX Font Info:    Overwriting symbol font `operators' in version `normal'
(Font)                  OT1/cmr/m/n --> OT1/lmr/m/n on input line 22.
LaTeX Font Info:    Overwriting symbol font `letters' in version `normal'
(Font)                  OML/cmm/m/it --> OML/lmm/m/it on input line 23.
LaTeX Font Info:    Overwriting symbol font `symbols' in version `normal'
(Font)                  OMS/cmsy/m/n --> OMS/lmsy/m/n on input line 24.
LaTeX Font Info:    Overwriting symbol font `largesymbols' in version `normal'
(Font)                  OMX/cmex/m/n --> OMX/lmex/m/n on input line 25.
LaTeX Font Info:    Overwriting symbol font `operators' in version `bold'
(Font)                  OT1/cmr/bx/n --> OT1/lmr/bx/n on input line 26.
LaTeX Font Info:    Overwriting symbol font `letters' in version `bold'
(Font)                  OML/cmm/b/it --> OML/lmm/b/it on input line 27.
LaTeX Font Info:    Overwriting symbol font `symbols' in version `bold'
(Font)                  OMS/cmsy/b/n --> OMS/lmsy/b/n on input line 28.
LaTeX Font Info:    Overwriting symbol font `largesymbols' in version `bold'
(Font)                  OMX/cmex/m/n --> OMX/lmex/m/n on input line 29.
LaTeX Font Info:    Overwriting math alphabet `\mathbf' in version `normal'
(Font)                  OT1/cmr/bx/n --> OT1/lmr/bx/n on input line 31.
LaTeX Font Info:    Overwriting math alphabet `\mathsf' in version `normal'
(Font)                  OT1/cmss/m/n --> OT1/lmss/m/n on input line 32.
LaTeX Font Info:    Overwriting math alphabet `\mathit' in version `normal'
(Font)                  OT1/cmr/m/it --> OT1/lmr/m/it on input line 33.
LaTeX Font Info:    Overwriting math alphabet `\mathtt' in version `normal'
(Font)                  OT1/cmtt/m/n --> OT1/lmtt/m/n on input line 34.
LaTeX Font Info:    Overwriting math alphabet `\mathbf' in version `bold'
(Font)                  OT1/cmr/bx/n --> OT1/lmr/bx/n on input line 35.
LaTeX Font Info:    Overwriting math alphabet `\mathsf' in version `bold'
(Font)                  OT1/cmss/bx/n --> OT1/lmss/bx/n on input line 36.
LaTeX Font Info:    Overwriting math alphabet `\mathit' in version `bold'
(Font)                  OT1/cmr/bx/it --> OT1/lmr/bx/it on input line 37.
LaTeX Font Info:    Overwriting math alphabet `\mathtt' in version `bold'
(Font)                  OT1/cmtt/m/n --> OT1/lmtt/m/n on input line 38.
)
(/usr/share/texlive/texmf-dist/tex/latex/url/url.sty
\Urlmuskip=\muskip10
Package: url 2013/09/16  ver 3.4  Verb mode for urls, etc.
) (./report.aux)
\openout1 = `report.aux'.

LaTeX Font Info:    Checking defaults for OML/cmm/m/it on input line 28.
LaTeX Font Info:    ... okay on input line 28.
LaTeX Font Info:    Checking defaults for T1/cmr/m/n on input line 28.
LaTeX Font Info:    ... okay on input line 28.
LaTeX Font Info:    Checking defaults for OT1/cmr/m/n on input line 28.
LaTeX Font Info:    ... okay on input line 28.
LaTeX Font Info:    Checking defaults for OMS/cmsy/m/n on input line 28.
LaTeX Font Info:    ... okay on input line 28.
LaTeX Font Info:    Checking defaults for OMX/cmex/m/n on input line 28.
LaTeX Font Info:    ... okay on input line 28.
LaTeX Font Info:    Checking defaults for U/cmr/m/n on input line 28.
LaTeX Font Info:    ... okay on input line 28.
LaTeX Font Info:    Try loading font information for T1+lmr on input line 28.

(/usr/share/texmf/tex/latex/lm/t1lmr.fd
File: t1lmr.fd 2009/10/30 v1.6 Font defs for Latin Modern
)
*geometry* driver: auto-detecting
*geometry* detected driver: pdftex
*geometry* verbose mode - [ preamble ] result:
* driver: pdftex
* paper: a4paper
* layout: <same size as paper>
* layoutoffset:(h,v)=(0.0pt,0.0pt)
* modes: 
* h-part:(L,W,R)=(56.9055pt, 483.69687pt, 56.9055pt)
* v-part:(T,H,B)=(56.9055pt, 731.23584pt, 56.9055pt)
* \paperwidth=597.50787pt
* \paperheight=845.04684pt
* \textwidth=483.69687pt
* \textheight=731.23584pt
* \oddsidemargin=-15.36449pt
* \evensidemargin=-15.36449pt
* \topmargin=-52.36449pt
* \headheight=12.0pt
* \headsep=25.0pt
* \topskip=11.0pt
* \footskip=30.0pt
* \marginparwidth=50.0pt
* \marginparsep=10.0pt
* \columnsep=10.0pt
* \skip\footins=10.0pt plus 4.0pt minus 2.0pt
* \hoffset=0.0pt
* \voffset=0.0pt
* \mag=1000
* \@twocolumnfalse
* \@twosidefalse
* \@mparswitchfalse
* \@reversemarginfalse
* (1in=72.27pt=25.4mm, 1cm=28.453pt)

(/usr/share/texlive/texmf-dist/tex/context/base/supp-pdf.mkii
[Loading MPS to PDF converter (version 2006.09.02).]
\scratchcounter=\count98
\scratchdimen=\dimen126
\scratchbox=\box34
\nofMPsegments=\count99
\nofMParguments=\count100
\everyMPshowfont=\toks16
\MPscratchCnt=\count101
\MPscratchDim=\dimen127
\MPnumerator=\count102
\makeMPintoPDFobject=\count103
\everyMPtoPDFconversion=\toks17
) (/usr/share/texlive/texmf-dist/tex/generic/oberdiek/pdftexcmds.sty
Package: pdftexcmds 2011/11/29 v0.20 Utility functions of pdfTeX for LuaTeX (HO
)

(/usr/share/texlive/texmf-dist/tex/generic/oberdiek/ifluatex.sty
Package: ifluatex 2010/03/01 v1.3 Provides the ifluatex switch (HO)
Package ifluatex Info: LuaTeX not detected.
)
Package pdftexcmds Info: LuaTeX not detected.
Package pdftexcmds Info: \pdf@primitive is available.
Package pdftexcmds Info: \pdf@ifprimitive is available.
Package pdftexcmds Info: \pdfdraftmode found.
)
(/usr/share/texlive/texmf-dist/tex/latex/oberdiek/epstopdf-base.sty
Package: epstopdf-base 2010/02/09 v2.5 Base part for package epstopdf

(/usr/share/texlive/texmf-dist/tex/latex/oberdiek/grfext.sty
Package: grfext 2010/08/19 v1.1 Manage graphics extensions (HO)

(/usr/share/texlive/texmf-dist/tex/generic/oberdiek/kvdefinekeys.sty
Package: kvdefinekeys 2011/04/07 v1.3 Define keys (HO)
))
(/usr/share/texlive/texmf-dist/tex/latex/oberdiek/kvoptions.sty
Package: kvoptions 2011/06/30 v3.11 Key value format for package options (HO)

(/usr/share/texlive/texmf-dist/tex/generic/oberdiek/kvsetkeys.sty
Package: kvsetkeys 2012/04/25 v1.16 Key value parser (HO)

(/usr/share/texlive/texmf-dist/tex/generic/oberdiek/etexcmds.sty
Package: etexcmds 2011/02/16 v1.5 Avoid name clashes with e-TeX commands (HO)
Package etexcmds Info: Could not find \expanded.
(etexcmds)             That can mean that you are not using pdfTeX 1.50 or
(etexcmds)             that some package has redefined \expanded.
(etexcmds)             In the latter case, load this package earlier.
)))
Package grfext Info: Graphics extension search list:
(grfext)             [.png,.pdf,.jpg,.mps,.jpeg,.jbig2,.jb2,.PNG,.PDF,.JPG,.JPE
G,.JBIG2,.JB2,.eps]
(grfext)             \AppendGraphicsExtensions on input line 452.

(/usr/share/texlive/texmf-dist/tex/latex/latexconfig/epstopdf-sys.cfg
File: epstopdf-sys.cfg 2010/07/13 v1.3 Configuration of (r)epstopdf for TeX Liv
e
))
Package caption Info: Begin \AtBeginDocument code.
Package caption Info: End \AtBeginDocument code.
LaTeX Font Info:    Try loading font information for OT1+lmr on input line 29.

(/usr/share/texmf/tex/latex/lm/ot1lmr.fd
File: ot1lmr.fd 2009/10/30 v1.6 Font defs for Latin Modern
)
LaTeX Font Info:    Try loading font information for OML+lmm on input line 29.

(/usr/share/texmf/tex/latex/lm/omllmm.fd
File: omllmm.fd 2009/10/30 v1.6 Font defs for Latin Modern
)
LaTeX Font Info:    Try loading font information for OMS+lmsy on input line 29.


(/usr/share/texmf/tex/latex/lm/omslmsy.fd
File: omslmsy.fd 2009/10/30 v1.6 Font defs for Latin Modern
)
LaTeX Font Info:    Try loading font information for OMX+lmex on input line 29.


(/usr/share/texmf/tex/latex/lm/omxlmex.fd
File: omxlmex.fd 2009/10/30 v1.6 Font defs for Latin Modern
)
LaTeX Font Info:    External font `lmex10' loaded for size
(Font)              <12> on input line 29.
LaTeX Font Info:    External font `lmex10' loaded for size
(Font)              <8> on input line 29.
LaTeX Font Info:    External font `lmex10' loaded for size
(Font)              <6> on input line 29.

<characters/S_average.png, id=1, 578.16pt x 433.62pt>
File: characters/S_average.png Graphic file (type png)

<use characters/S_average.png>
Package pdftex.def Info: characters/S_average.png used on input line 43.
(pdftex.def)             Requested size: 116.08887pt x 79.95206pt.

<characters/T_average.png, id=4, 578.16pt x 433.62pt>
File: characters/T_average.png Graphic file (type png)

<use characters/T_average.png>
Package pdftex.def Info: characters/T_average.png used on input line 46.
(pdftex.def)             Requested size: 116.08887pt x 79.95206pt.

<characters/V_average.png, id=6, 578.16pt x 433.62pt>
File: characters/V_average.png Graphic file (type png)

<use characters/V_average.png>
Package pdftex.def Info: characters/V_average.png used on input line 49.
(pdftex.def)             Requested size: 116.08887pt x 79.95206pt.
 <features/cross.png, id=8, 578.16pt x 433.62pt>
File: features/cross.png Graphic file (type png)

<use features/cross.png>
Package pdftex.def Info: features/cross.png used on input line 62.
(pdftex.def)             Requested size: 116.08887pt x 79.95206pt.
 <features/line.png, id=10, 578.16pt x 433.62pt>
File: features/line.png Graphic file (type png)

<use features/line.png>
Package pdftex.def Info: features/line.png used on input line 65.
(pdftex.def)             Requested size: 116.08887pt x 79.95206pt.
 <features/x.png, id=12, 578.16pt x 433.62pt>
File: features/x.png Graphic file (type png)

<use features/x.png>
Package pdftex.def Info: features/x.png used on input line 68.
(pdftex.def)             Requested size: 116.08887pt x 79.95206pt.
 <features/triangle.png, id=14, 578.16pt x 433.62pt>
File: features/triangle.png Graphic file (type png)

<use features/triangle.png>
Package pdftex.def Info: features/triangle.png used on input line 71.
(pdftex.def)             Requested size: 116.08887pt x 79.95206pt.
 <features/ring.png, id=16, 578.16pt x 433.62pt>
File: features/ring.png Graphic file (type png)

<use features/ring.png>
Package pdftex.def Info: features/ring.png used on input line 74.
(pdftex.def)             Requested size: 116.08887pt x 79.95206pt.
 <feature_matrix_leg.png, id=18, 722.7pt x 433.62pt>
File: feature_matrix_leg.png Graphic file (type png)

<use feature_matrix_leg.png>
Package pdftex.def Info: feature_matrix_leg.png used on input line 84.
(pdftex.def)             Requested size: 362.77264pt x 206.33276pt.
LaTeX Font Info:    External font `lmex10' loaded for size
(Font)              <10.95> on input line 90.
 [1

{/var/lib/texmf/fonts/map/pdftex/updmap/pdftex.map} <./characters/S_average.png
> <./characters/T_average.png> <./characters/V_average.png>] <training_plot_k1.
png, id=35, 578.16pt x 433.62pt>
File: training_plot_k1.png Graphic file (type png)

<use training_plot_k1.png>
Package pdftex.def Info: training_plot_k1.png used on input line 102.
(pdftex.def)             Requested size: 241.84843pt x 181.38472pt.
 <training_plot_k2.png, id=36, 578.16pt x 433.62pt>
File: training_plot_k2.png Graphic file (type png)

<use training_plot_k2.png>
Package pdftex.def Info: training_plot_k2.png used on input line 107.
(pdftex.def)             Requested size: 241.84843pt x 181.38472pt.
 <training_plot_k3.png, id=37, 578.16pt x 433.62pt>
File: training_plot_k3.png Graphic file (type png)

<use training_plot_k3.png>
Package pdftex.def Info: training_plot_k3.png used on input line 112.
(pdftex.def)             Requested size: 241.84843pt x 181.38472pt.
 <training_plot_k4.png, id=38, 578.16pt x 433.62pt>
File: training_plot_k4.png Graphic file (type png)

<use training_plot_k4.png>
Package pdftex.def Info: training_plot_k4.png used on input line 117.
(pdftex.def)             Requested size: 241.84843pt x 181.38472pt.


LaTeX Warning: `!h' float specifier changed to `!ht'.


Package Fancyhdr Warning: \headheight is too small (12.0pt): 
 Make it at least 13.59999pt.
 We now make it that large for the rest of the document.
 This may cause the page layout to be inconsistent, however.

[2 <./features/cross.png> <./features/line.png> <./features/x.png> <./features/
triangle.png> <./features/ring.png> <./feature_matrix_leg.png>]
<test/S1.png, id=57, 642.4pt x 401.5pt>
File: test/S1.png Graphic file (type png)
 <use test/S1.png>
Package pdftex.def Info: test/S1.png used on input line 137.
(pdftex.def)             Requested size: 43.5336pt x 27.20729pt.

<test/S2.png, id=58, 642.4pt x 401.5pt>
File: test/S2.png Graphic file (type png)
 <use test/S2.png>
Package pdftex.def Info: test/S2.png used on input line 140.
(pdftex.def)             Requested size: 43.5336pt x 27.20729pt.

<test/S3.png, id=59, 642.4pt x 401.5pt>
File: test/S3.png Graphic file (type png)
 <use test/S3.png>
Package pdftex.def Info: test/S3.png used on input line 143.
(pdftex.def)             Requested size: 43.5336pt x 27.20729pt.

<test/S4.png, id=60, 642.4pt x 401.5pt>
File: test/S4.png Graphic file (type png)
 <use test/S4.png>
Package pdftex.def Info: test/S4.png used on input line 146.
(pdftex.def)             Requested size: 43.5336pt x 27.20729pt.

<test/T1.png, id=61, 642.4pt x 401.5pt>
File: test/T1.png Graphic file (type png)
 <use test/T1.png>
Package pdftex.def Info: test/T1.png used on input line 149.
(pdftex.def)             Requested size: 43.5336pt x 27.20729pt.

<test/T2.png, id=62, 642.4pt x 401.5pt>
File: test/T2.png Graphic file (type png)
 <use test/T2.png>
Package pdftex.def Info: test/T2.png used on input line 152.
(pdftex.def)             Requested size: 43.5336pt x 27.20729pt.

<test/T3.png, id=63, 642.4pt x 401.5pt>
File: test/T3.png Graphic file (type png)
 <use test/T3.png>
Package pdftex.def Info: test/T3.png used on input line 155.
(pdftex.def)             Requested size: 43.5336pt x 27.20729pt.

<test/T4.png, id=64, 642.4pt x 401.5pt>
File: test/T4.png Graphic file (type png)
 <use test/T4.png>
Package pdftex.def Info: test/T4.png used on input line 158.
(pdftex.def)             Requested size: 43.5336pt x 27.20729pt.

<test/V1.png, id=65, 642.4pt x 401.5pt>
File: test/V1.png Graphic file (type png)
 <use test/V1.png>
Package pdftex.def Info: test/V1.png used on input line 161.
(pdftex.def)             Requested size: 43.5336pt x 27.20729pt.

<test/V2.png, id=66, 642.4pt x 401.5pt>
File: test/V2.png Graphic file (type png)
 <use test/V2.png>
Package pdftex.def Info: test/V2.png used on input line 164.
(pdftex.def)             Requested size: 43.5336pt x 27.20729pt.

<test/V3.png, id=67, 642.4pt x 401.5pt>
File: test/V3.png Graphic file (type png)
 <use test/V3.png>
Package pdftex.def Info: test/V3.png used on input line 167.
(pdftex.def)             Requested size: 43.5336pt x 27.20729pt.

<test/V4.png, id=68, 642.4pt x 401.5pt>
File: test/V4.png Graphic file (type png)
 <use test/V4.png>
Package pdftex.def Info: test/V4.png used on input line 170.
(pdftex.def)             Requested size: 43.5336pt x 27.20729pt.


LaTeX Warning: `!h' float specifier changed to `!ht'.

<test_plot.png, id=69, 578.16pt x 433.62pt>
File: test_plot.png Graphic file (type png)
 <use test_plot.png>
Package pdftex.def Info: test_plot.png used on input line 178.
(pdftex.def)             Requested size: 290.22107pt x 203.38065pt.
 [3 <./training_plot_k1.png> <./training_plot_k2.png> <./training_plot_k3.png> 
<./training_plot_k4.png>] <ab.png, id=78, 578.16pt x 433.62pt>
File: ab.png Graphic file (type png)
 <use ab.png>
Package pdftex.def Info: ab.png used on input line 193.
(pdftex.def)             Requested size: 290.22107pt x 203.38065pt.


LaTeX Warning: `h' float specifier changed to `ht'.

<max_likelihood.png, id=80, 578.16pt x 433.62pt>
File: max_likelihood.png Graphic file (type png)
 <use max_likelihood.png>
Package pdftex.def Info: max_likelihood.png used on input line 205.
(pdftex.def)             Requested size: 290.22107pt x 203.38065pt.

[4 <./test_plot.png> <./test/S1.png> <./test/S2.png> <./test/S3.png> <./test/S4
.png> <./test/T1.png> <./test/T2.png> <./test/T3.png> <./test/T4.png> <./test/V
1.png> <./test/V2.png> <./test/V3.png> <./test/V4.png>]
<max_likelihood_test.png, id=87, 578.16pt x 433.62pt>
File: max_likelihood_test.png Graphic file (type png)

<use max_likelihood_test.png>
Package pdftex.def Info: max_likelihood_test.png used on input line 212.
(pdftex.def)             Requested size: 290.22107pt x 203.38065pt.

<max_likelihood_ab.png, id=89, 578.16pt x 433.62pt>
File: max_likelihood_ab.png Graphic file (type png)

<use max_likelihood_ab.png>
Package pdftex.def Info: max_likelihood_ab.png used on input line 219.
(pdftex.def)             Requested size: 290.22107pt x 203.38065pt.
 [5 <./ab.png> <./max_likelihood.png>]
LaTeX Font Info:    Try loading font information for T1+lmtt on input line 237.


(/usr/share/texmf/tex/latex/lm/t1lmtt.fd
File: t1lmtt.fd 2009/10/30 v1.6 Font defs for Latin Modern
) [6 <./max_likelihood_test.png> <./max_likelihood_ab.png>] (./report.aux) )
(\end occurred inside a group at level 1)

### simple group (level 1) entered at line 1061 ({)
### bottom level 
Here is how much of TeX's memory you used:
 4818 strings out of 494977
 74212 string characters out of 6180182
 145576 words of memory out of 5000000
 7941 multiletter control sequences out of 15000+600000
 40647 words of font info for 37 fonts, out of 8000000 for 9000
 36 hyphenation exceptions out of 8191
 42i,10n,43p,686b,4577s stack positions out of 5000i,500n,10000p,200000b,80000s
{/usr/share/texmf/fonts/enc/dvips/lm/lm-ec.enc}{/usr/share/texm
f/fonts/enc/dvips/lm/lm-rm.enc}{/usr/share/texmf/fonts/enc/dvips/lm/lm-mathit.e
nc}</usr/share/texmf/fonts/type1/public/lm/lmbx12.pfb></usr/share/texmf/fonts/t
ype1/public/lm/lmmi10.pfb></usr/share/texmf/fonts/type1/public/lm/lmr10.pfb></u
sr/share/texmf/fonts/type1/public/lm/lmr12.pfb></usr/share/texmf/fonts/type1/pu
blic/lm/lmr17.pfb></usr/share/texmf/fonts/type1/public/lm/lmr8.pfb></usr/share/
texmf/fonts/type1/public/lm/lmtt10.pfb>
Output written on report.pdf (6 pages, 1214858 bytes).
PDF statistics:
 133 PDF objects out of 1000 (max. 8388607)
 55 compressed objects within 1 object stream
 0 named destinations out of 1000 (max. 500000)
 235 words of extra memory for PDF output out of 10000 (max. 10000000)

